[0.710s] DEBUG:colcon:Command line arguments: ['/usr/bin/colcon', 'build']
[0.710s] DEBUG:colcon:Parsed command line arguments: Namespace(log_base=None, log_level=None, verb_name='build', build_base='build', install_base='install', merge_install=False, symlink_install=False, test_result_base=None, continue_on_error=False, executor='parallel', parallel_workers=8, event_handlers=None, ignore_user_meta=False, metas=['./colcon.meta'], base_paths=['.'], packages_ignore=None, packages_ignore_regex=None, paths=None, packages_up_to=None, packages_up_to_regex=None, packages_above=None, packages_above_and_dependencies=None, packages_above_depth=None, packages_select_by_dep=None, packages_skip_by_dep=None, packages_skip_up_to=None, packages_select_build_failed=False, packages_skip_build_finished=False, packages_select_test_failures=False, packages_skip_test_passed=False, packages_select=None, packages_skip=None, packages_select_regex=None, packages_skip_regex=None, packages_start=None, packages_end=None, allow_overriding=[], cmake_args=None, cmake_target=None, cmake_target_skip_unavailable=False, cmake_clean_cache=False, cmake_clean_first=False, cmake_force_configure=False, ament_cmake_args=None, catkin_cmake_args=None, catkin_skip_building_tests=False, verb_parser=<colcon_defaults.argument_parser.defaults.DefaultArgumentsDecorator object at 0x7fe8b4f1e830>, verb_extension=<colcon_core.verb.build.BuildVerb object at 0x7fe8b58a6b60>, main=<bound method BuildVerb.main of <colcon_core.verb.build.BuildVerb object at 0x7fe8b58a6b60>>)
[0.772s] Level 1:colcon.colcon_core.package_discovery:discover_packages(colcon_meta) check parameters
[0.772s] Level 1:colcon.colcon_core.package_discovery:discover_packages(recursive) check parameters
[0.772s] Level 1:colcon.colcon_core.package_discovery:discover_packages(ignore) check parameters
[0.772s] Level 1:colcon.colcon_core.package_discovery:discover_packages(path) check parameters
[0.772s] Level 1:colcon.colcon_core.package_discovery:discover_packages(colcon_meta) discover
[0.773s] Level 1:colcon.colcon_core.package_discovery:discover_packages(recursive) discover
[0.773s] INFO:colcon.colcon_core.package_discovery:Crawling recursively for packages in '/home/junglator/pandora_ws/src/gypsy_robot/urdf'
[0.773s] Level 1:colcon.colcon_core.package_identification:_identify(.) by extensions ['ignore', 'ignore_ament_install']
[0.773s] Level 1:colcon.colcon_core.package_identification:_identify(.) by extension 'ignore'
[0.773s] Level 1:colcon.colcon_core.package_identification:_identify(.) by extension 'ignore_ament_install'
[0.773s] Level 1:colcon.colcon_core.package_identification:_identify(.) by extensions ['colcon_pkg']
[0.773s] Level 1:colcon.colcon_core.package_identification:_identify(.) by extension 'colcon_pkg'
[0.774s] Level 1:colcon.colcon_core.package_identification:_identify(.) by extensions ['colcon_meta']
[0.774s] Level 1:colcon.colcon_core.package_identification:_identify(.) by extension 'colcon_meta'
[0.774s] Level 1:colcon.colcon_core.package_identification:_identify(.) by extensions ['ros']
[0.774s] Level 1:colcon.colcon_core.package_identification:_identify(.) by extension 'ros'
[0.807s] Level 1:colcon.colcon_core.package_identification:_identify(.) by extensions ['cmake', 'python']
[0.808s] Level 1:colcon.colcon_core.package_identification:_identify(.) by extension 'cmake'
[0.808s] Level 1:colcon.colcon_core.package_identification:_identify(.) by extension 'python'
[0.808s] Level 1:colcon.colcon_core.package_identification:_identify(.) by extensions ['python_setup_py']
[0.808s] Level 1:colcon.colcon_core.package_identification:_identify(.) by extension 'python_setup_py'
[0.808s] Level 1:colcon.colcon_core.package_identification:_identify(build) by extensions ['ignore', 'ignore_ament_install']
[0.808s] Level 1:colcon.colcon_core.package_identification:_identify(build) by extension 'ignore'
[0.809s] Level 1:colcon.colcon_core.package_identification:_identify(build) ignored
[0.809s] Level 1:colcon.colcon_core.package_identification:_identify(gazebo_description) by extensions ['ignore', 'ignore_ament_install']
[0.809s] Level 1:colcon.colcon_core.package_identification:_identify(gazebo_description) by extension 'ignore'
[0.809s] Level 1:colcon.colcon_core.package_identification:_identify(gazebo_description) by extension 'ignore_ament_install'
[0.809s] Level 1:colcon.colcon_core.package_identification:_identify(gazebo_description) by extensions ['colcon_pkg']
[0.809s] Level 1:colcon.colcon_core.package_identification:_identify(gazebo_description) by extension 'colcon_pkg'
[0.809s] Level 1:colcon.colcon_core.package_identification:_identify(gazebo_description) by extensions ['colcon_meta']
[0.810s] Level 1:colcon.colcon_core.package_identification:_identify(gazebo_description) by extension 'colcon_meta'
[0.810s] Level 1:colcon.colcon_core.package_identification:_identify(gazebo_description) by extensions ['ros']
[0.810s] Level 1:colcon.colcon_core.package_identification:_identify(gazebo_description) by extension 'ros'
[0.810s] Level 1:colcon.colcon_core.package_identification:_identify(gazebo_description) by extensions ['cmake', 'python']
[0.810s] Level 1:colcon.colcon_core.package_identification:_identify(gazebo_description) by extension 'cmake'
[0.810s] Level 1:colcon.colcon_core.package_identification:_identify(gazebo_description) by extension 'python'
[0.810s] Level 1:colcon.colcon_core.package_identification:_identify(gazebo_description) by extensions ['python_setup_py']
[0.810s] Level 1:colcon.colcon_core.package_identification:_identify(gazebo_description) by extension 'python_setup_py'
[0.810s] Level 1:colcon.colcon_core.package_identification:_identify(install) by extensions ['ignore', 'ignore_ament_install']
[0.811s] Level 1:colcon.colcon_core.package_identification:_identify(install) by extension 'ignore'
[0.811s] Level 1:colcon.colcon_core.package_identification:_identify(install) ignored
[0.811s] Level 1:colcon.colcon_core.package_identification:_identify(log) by extensions ['ignore', 'ignore_ament_install']
[0.811s] Level 1:colcon.colcon_core.package_identification:_identify(log) by extension 'ignore'
[0.811s] Level 1:colcon.colcon_core.package_identification:_identify(log) ignored
[0.811s] Level 1:colcon.colcon_core.package_discovery:discover_packages(recursive) using defaults
[0.812s] Level 1:colcon.colcon_core.package_discovery:discover_packages(ignore) discover
[0.812s] Level 1:colcon.colcon_core.package_discovery:discover_packages(ignore) using defaults
[0.812s] Level 1:colcon.colcon_core.package_discovery:discover_packages(path) discover
[0.812s] Level 1:colcon.colcon_core.package_discovery:discover_packages(path) using defaults
[0.861s] Level 1:colcon.colcon_core.package_discovery:discover_packages(prefix_path) check parameters
[0.861s] Level 1:colcon.colcon_core.package_discovery:discover_packages(prefix_path) discover
[0.867s] DEBUG:colcon.colcon_installed_package_information.package_discovery:Found 2 installed packages in /home/junglator/pandora_ws/install
[0.869s] DEBUG:colcon.colcon_installed_package_information.package_discovery:Found 0 installed packages in /home/junglator/pandora_ws/src/gypsy_robot/urdf/install
[0.870s] DEBUG:colcon.colcon_installed_package_information.package_discovery:Found 0 installed packages in /home/junglator/install
[0.874s] DEBUG:colcon.colcon_installed_package_information.package_discovery:Found 305 installed packages in /opt/ros/humble
[0.877s] Level 1:colcon.colcon_core.package_discovery:discover_packages(prefix_path) using defaults
[1.015s] INFO:colcon.colcon_core.executor:Executing jobs using 'parallel' executor
[1.023s] DEBUG:colcon.colcon_parallel_executor.executor.parallel:run_until_complete
[1.023s] DEBUG:colcon.colcon_parallel_executor.executor.parallel:closing loop
[1.024s] DEBUG:colcon.colcon_parallel_executor.executor.parallel:loop closed
[1.024s] DEBUG:colcon.colcon_parallel_executor.executor.parallel:run_until_complete finished with '0'
[1.024s] DEBUG:colcon.colcon_core.event_reactor:joining thread
[1.039s] INFO:colcon.colcon_core.plugin_system:Skipping extension 'colcon_notification.desktop_notification.terminal_notifier': Not used on non-Darwin systems
[1.039s] INFO:colcon.colcon_core.plugin_system:Skipping extension 'colcon_notification.desktop_notification.win32': Not used on non-Windows systems
[1.039s] INFO:colcon.colcon_notification.desktop_notification:Sending desktop notification using 'notify2'
[1.061s] DEBUG:colcon.colcon_core.event_reactor:joined thread
[1.070s] INFO:colcon.colcon_core.plugin_system:Skipping extension 'colcon_core.shell.bat': Not used on non-Windows systems
[1.071s] INFO:colcon.colcon_core.shell:Creating prefix script '/home/junglator/pandora_ws/src/gypsy_robot/urdf/install/local_setup.ps1'
[1.073s] INFO:colcon.colcon_core.shell:Creating prefix util module '/home/junglator/pandora_ws/src/gypsy_robot/urdf/install/_local_setup_util_ps1.py'
[1.076s] INFO:colcon.colcon_core.shell:Creating prefix chain script '/home/junglator/pandora_ws/src/gypsy_robot/urdf/install/setup.ps1'
[1.078s] INFO:colcon.colcon_core.shell:Creating prefix script '/home/junglator/pandora_ws/src/gypsy_robot/urdf/install/local_setup.sh'
[1.080s] INFO:colcon.colcon_core.shell:Creating prefix util module '/home/junglator/pandora_ws/src/gypsy_robot/urdf/install/_local_setup_util_sh.py'
[1.080s] INFO:colcon.colcon_core.shell:Creating prefix chain script '/home/junglator/pandora_ws/src/gypsy_robot/urdf/install/setup.sh'
[1.084s] INFO:colcon.colcon_core.shell:Creating prefix script '/home/junglator/pandora_ws/src/gypsy_robot/urdf/install/local_setup.bash'
[1.085s] INFO:colcon.colcon_core.shell:Creating prefix chain script '/home/junglator/pandora_ws/src/gypsy_robot/urdf/install/setup.bash'
[1.088s] INFO:colcon.colcon_core.shell:Creating prefix script '/home/junglator/pandora_ws/src/gypsy_robot/urdf/install/local_setup.zsh'
[1.089s] INFO:colcon.colcon_core.shell:Creating prefix chain script '/home/junglator/pandora_ws/src/gypsy_robot/urdf/install/setup.zsh'
